2024-09-07 16:04:14,718 - INFO - Using device: cuda
2024-09-07 16:04:20,907 - INFO - Training resnet18 on axial dataset...
2024-09-07 16:39:08,335 - INFO - Epoch 1/10, Train Loss: 51.3680, Val Loss: 13.0085, Max Abs Error: 61.9882
2024-09-07 17:08:36,178 - INFO - Epoch 2/10, Train Loss: 8.6734, Val Loss: 26.9548, Max Abs Error: 59.5229
2024-09-07 17:37:54,132 - INFO - Epoch 3/10, Train Loss: 5.8164, Val Loss: 5.7818, Max Abs Error: 26.3989
2024-09-07 18:06:05,715 - INFO - Epoch 4/10, Train Loss: 5.3082, Val Loss: 5.2862, Max Abs Error: 29.3714
2024-09-07 18:33:04,611 - INFO - Epoch 5/10, Train Loss: 5.0495, Val Loss: 4.0263, Max Abs Error: 27.6656
2024-09-07 18:57:46,997 - INFO - Epoch 6/10, Train Loss: 5.2178, Val Loss: 4.9805, Max Abs Error: 28.4713
2024-09-07 19:21:44,179 - INFO - Epoch 7/10, Train Loss: 4.7094, Val Loss: 6.9765, Max Abs Error: 27.9451
2024-09-07 19:45:10,754 - INFO - Epoch 8/10, Train Loss: 4.7786, Val Loss: 4.1399, Max Abs Error: 27.2917
2024-09-07 20:08:40,054 - INFO - Epoch 9/10, Train Loss: 4.3711, Val Loss: 10.2195, Max Abs Error: 34.9456
2024-09-07 20:32:01,227 - INFO - Epoch 10/10, Train Loss: 4.3094, Val Loss: 6.8288, Max Abs Error: 37.3711
2024-09-07 20:32:01,228 - INFO - Early stopping triggered.
2024-09-07 20:32:01,770 - INFO - Saved resnet18 on axial dataset to /srv/GadM/Datasets/Tmp/inferring_body_weight_from_ct_scans/Model/Flo/resnet18_axial.pth
2024-09-07 20:32:01,970 - INFO - Saved loss curves to /srv/GadM/Datasets/Tmp/inferring_body_weight_from_ct_scans/5_Evaluation/Flo/Loss_Curves/resnet18_axial_loss_curve.png
2024-09-07 20:32:07,904 - INFO - Training resnet50 on axial dataset...
2024-09-07 20:56:51,695 - INFO - Epoch 1/10, Train Loss: 20.5084, Val Loss: 25.1899, Max Abs Error: 48.7156
2024-09-07 21:20:52,274 - INFO - Epoch 2/10, Train Loss: 6.2901, Val Loss: 19.8374, Max Abs Error: 51.7245
2024-09-07 21:44:35,109 - INFO - Epoch 3/10, Train Loss: 5.5336, Val Loss: 4.8126, Max Abs Error: 44.2812
2024-09-07 22:08:53,264 - INFO - Epoch 4/10, Train Loss: 5.5851, Val Loss: 7.7876, Max Abs Error: 28.7346
2024-09-07 22:33:01,178 - INFO - Epoch 5/10, Train Loss: 4.9869, Val Loss: 4.7365, Max Abs Error: 32.4169
2024-09-07 22:57:38,352 - INFO - Epoch 6/10, Train Loss: 4.5120, Val Loss: 8.7919, Max Abs Error: 46.1130
2024-09-07 23:22:54,001 - INFO - Epoch 7/10, Train Loss: 4.5822, Val Loss: 6.4387, Max Abs Error: 47.5235
2024-09-07 23:47:34,095 - INFO - Epoch 8/10, Train Loss: 4.1255, Val Loss: 6.7982, Max Abs Error: 45.2345
2024-09-08 00:11:53,605 - INFO - Epoch 9/10, Train Loss: 4.0425, Val Loss: 4.8104, Max Abs Error: 44.0213
2024-09-08 00:38:37,397 - INFO - Epoch 10/10, Train Loss: 4.5872, Val Loss: 5.9688, Max Abs Error: 35.8508
2024-09-08 00:38:37,398 - INFO - Early stopping triggered.
2024-09-08 00:38:38,400 - INFO - Saved resnet50 on axial dataset to /srv/GadM/Datasets/Tmp/inferring_body_weight_from_ct_scans/Model/Flo/resnet50_axial.pth
2024-09-08 00:38:38,575 - INFO - Saved loss curves to /srv/GadM/Datasets/Tmp/inferring_body_weight_from_ct_scans/5_Evaluation/Flo/Loss_Curves/resnet50_axial_loss_curve.png
2024-09-08 00:38:44,860 - INFO - Training vit_b_16 on axial dataset...
2024-09-08 01:06:42,372 - INFO - Epoch 1/10, Train Loss: 45.7643, Val Loss: 18.0357, Max Abs Error: 70.7098
2024-09-08 01:33:39,709 - INFO - Epoch 2/10, Train Loss: 13.3517, Val Loss: 13.1215, Max Abs Error: 55.4915
2024-09-08 02:00:49,449 - INFO - Epoch 3/10, Train Loss: 12.5524, Val Loss: 9.9332, Max Abs Error: 41.5619
2024-09-08 02:26:50,499 - INFO - Epoch 4/10, Train Loss: 10.2301, Val Loss: 8.4671, Max Abs Error: 37.5822
2024-09-08 02:51:25,069 - INFO - Epoch 5/10, Train Loss: 9.0978, Val Loss: 8.3397, Max Abs Error: 34.3431
2024-09-08 03:16:15,507 - INFO - Epoch 6/10, Train Loss: 8.3939, Val Loss: 7.4365, Max Abs Error: 33.5791
2024-09-08 03:40:35,825 - INFO - Epoch 7/10, Train Loss: 8.1021, Val Loss: 7.1114, Max Abs Error: 31.4197
2024-09-08 04:04:52,901 - INFO - Epoch 8/10, Train Loss: 7.8769, Val Loss: 7.2993, Max Abs Error: 33.9028
2024-09-08 04:29:09,145 - INFO - Epoch 9/10, Train Loss: 7.5262, Val Loss: 10.1356, Max Abs Error: 41.1722
2024-09-08 04:53:19,696 - INFO - Epoch 10/10, Train Loss: 7.7868, Val Loss: 6.8818, Max Abs Error: 33.1640
2024-09-08 04:53:22,447 - INFO - Saved vit_b_16 on axial dataset to /srv/GadM/Datasets/Tmp/inferring_body_weight_from_ct_scans/Model/Flo/vit_b_16_axial.pth
2024-09-08 04:53:22,613 - INFO - Saved loss curves to /srv/GadM/Datasets/Tmp/inferring_body_weight_from_ct_scans/5_Evaluation/Flo/Loss_Curves/vit_b_16_axial_loss_curve.png
2024-09-08 04:53:26,886 - INFO - Training vit_b_32 on axial dataset...
2024-09-08 05:17:13,955 - INFO - Epoch 1/10, Train Loss: 47.7045, Val Loss: 19.7239, Max Abs Error: 73.1357
2024-09-08 05:41:05,833 - INFO - Epoch 2/10, Train Loss: 14.3286, Val Loss: 12.9502, Max Abs Error: 139.1783
2024-09-08 06:04:54,577 - INFO - Epoch 3/10, Train Loss: 12.2241, Val Loss: 15.5752, Max Abs Error: 46.1235
2024-09-08 06:28:41,945 - INFO - Epoch 4/10, Train Loss: 9.1543, Val Loss: 6.7100, Max Abs Error: 36.0733
2024-09-08 06:52:37,431 - INFO - Epoch 5/10, Train Loss: 7.3408, Val Loss: 6.9571, Max Abs Error: 30.6405
2024-09-08 07:16:28,077 - INFO - Epoch 6/10, Train Loss: 7.5375, Val Loss: 7.5423, Max Abs Error: 32.8379
2024-09-08 07:40:28,553 - INFO - Epoch 7/10, Train Loss: 7.1124, Val Loss: 7.2588, Max Abs Error: 28.1256
2024-09-08 08:04:20,290 - INFO - Epoch 8/10, Train Loss: 6.7040, Val Loss: 6.5594, Max Abs Error: 31.0919
2024-09-08 08:27:59,392 - INFO - Epoch 9/10, Train Loss: 6.5911, Val Loss: 6.3242, Max Abs Error: 31.1656
2024-09-08 08:51:39,894 - INFO - Epoch 10/10, Train Loss: 6.8786, Val Loss: 7.0116, Max Abs Error: 33.0049
2024-09-08 08:51:41,489 - INFO - Saved vit_b_32 on axial dataset to /srv/GadM/Datasets/Tmp/inferring_body_weight_from_ct_scans/Model/Flo/vit_b_32_axial.pth
2024-09-08 08:51:41,633 - INFO - Saved loss curves to /srv/GadM/Datasets/Tmp/inferring_body_weight_from_ct_scans/5_Evaluation/Flo/Loss_Curves/vit_b_32_axial_loss_curve.png
2024-09-08 08:51:46,213 - INFO - Training resnet18 on coronal dataset...
2024-09-08 09:14:50,557 - INFO - Epoch 1/10, Train Loss: 52.3656, Val Loss: 13.8212, Max Abs Error: 58.8268
2024-09-08 09:37:52,953 - INFO - Epoch 2/10, Train Loss: 9.4991, Val Loss: 25.4089, Max Abs Error: 68.4925
2024-09-08 10:00:59,238 - INFO - Epoch 3/10, Train Loss: 6.3380, Val Loss: 17.8452, Max Abs Error: 58.2385
2024-09-08 10:24:56,952 - INFO - Epoch 4/10, Train Loss: 6.0741, Val Loss: 6.4915, Max Abs Error: 29.2383
2024-09-08 10:48:42,961 - INFO - Epoch 5/10, Train Loss: 5.5116, Val Loss: 4.7024, Max Abs Error: 28.9811
2024-09-08 11:12:51,151 - INFO - Epoch 6/10, Train Loss: 5.4900, Val Loss: 5.1950, Max Abs Error: 34.0066
2024-09-08 11:37:14,021 - INFO - Epoch 7/10, Train Loss: 5.2756, Val Loss: 6.6934, Max Abs Error: 40.6783
2024-09-08 12:02:25,918 - INFO - Epoch 8/10, Train Loss: 5.1246, Val Loss: 5.0320, Max Abs Error: 32.0823
2024-09-08 12:29:38,747 - INFO - Epoch 9/10, Train Loss: 5.0987, Val Loss: 14.0949, Max Abs Error: 45.4780
2024-09-08 12:55:14,110 - INFO - Epoch 10/10, Train Loss: 4.9607, Val Loss: 4.5564, Max Abs Error: 27.9759
2024-09-08 12:55:14,414 - INFO - Saved resnet18 on coronal dataset to /srv/GadM/Datasets/Tmp/inferring_body_weight_from_ct_scans/Model/Flo/resnet18_coronal.pth
2024-09-08 12:55:14,564 - INFO - Saved loss curves to /srv/GadM/Datasets/Tmp/inferring_body_weight_from_ct_scans/5_Evaluation/Flo/Loss_Curves/resnet18_coronal_loss_curve.png
2024-09-08 12:55:19,204 - INFO - Training resnet50 on coronal dataset...
2024-09-08 13:20:02,096 - INFO - Epoch 1/10, Train Loss: 21.1619, Val Loss: 8.9723, Max Abs Error: 42.3104
2024-09-08 13:45:04,819 - INFO - Epoch 2/10, Train Loss: 7.2457, Val Loss: 23.7272, Max Abs Error: 57.9534
2024-09-08 14:10:12,970 - INFO - Epoch 3/10, Train Loss: 6.7480, Val Loss: 6.4192, Max Abs Error: 42.3832
2024-09-08 14:34:31,284 - INFO - Epoch 4/10, Train Loss: 5.6757, Val Loss: 10.9805, Max Abs Error: 40.1739
2024-09-08 14:58:38,665 - INFO - Epoch 5/10, Train Loss: 5.3250, Val Loss: 5.6005, Max Abs Error: 48.1483
2024-09-08 15:22:45,172 - INFO - Epoch 6/10, Train Loss: 5.6190, Val Loss: 4.6301, Max Abs Error: 32.0838
2024-09-08 15:46:48,259 - INFO - Epoch 7/10, Train Loss: 5.1447, Val Loss: 14.8978, Max Abs Error: 41.8674
2024-09-08 16:10:55,301 - INFO - Epoch 8/10, Train Loss: 5.0753, Val Loss: 5.5573, Max Abs Error: 34.6588
2024-09-08 16:35:03,909 - INFO - Epoch 9/10, Train Loss: 5.0963, Val Loss: 5.9487, Max Abs Error: 27.2090
2024-09-08 16:59:04,632 - INFO - Epoch 10/10, Train Loss: 4.5081, Val Loss: 4.8340, Max Abs Error: 35.8572
2024-09-08 16:59:05,180 - INFO - Saved resnet50 on coronal dataset to /srv/GadM/Datasets/Tmp/inferring_body_weight_from_ct_scans/Model/Flo/resnet50_coronal.pth
2024-09-08 16:59:05,352 - INFO - Saved loss curves to /srv/GadM/Datasets/Tmp/inferring_body_weight_from_ct_scans/5_Evaluation/Flo/Loss_Curves/resnet50_coronal_loss_curve.png
2024-09-08 16:59:10,055 - INFO - Training vit_b_16 on coronal dataset...
2024-09-08 17:23:27,909 - INFO - Epoch 1/10, Train Loss: 46.2152, Val Loss: 18.6046, Max Abs Error: 71.5658
2024-09-08 17:48:07,537 - INFO - Epoch 2/10, Train Loss: 14.0460, Val Loss: 13.0970, Max Abs Error: 61.6335
2024-09-08 18:12:49,917 - INFO - Epoch 3/10, Train Loss: 12.3601, Val Loss: 10.6778, Max Abs Error: 45.7010
2024-09-08 18:38:17,284 - INFO - Epoch 4/10, Train Loss: 10.7504, Val Loss: 9.5105, Max Abs Error: 40.2193
2024-09-08 19:04:05,309 - INFO - Epoch 5/10, Train Loss: 10.4572, Val Loss: 9.3335, Max Abs Error: 38.8015
2024-09-08 19:28:58,459 - INFO - Epoch 6/10, Train Loss: 9.3621, Val Loss: 8.1358, Max Abs Error: 35.1530
2024-09-08 19:54:40,765 - INFO - Epoch 7/10, Train Loss: 9.2838, Val Loss: 8.4004, Max Abs Error: 45.3785
2024-09-08 20:19:45,048 - INFO - Epoch 8/10, Train Loss: 8.6476, Val Loss: 9.4242, Max Abs Error: 32.1599
2024-09-08 20:46:08,514 - INFO - Epoch 9/10, Train Loss: 8.4408, Val Loss: 8.4167, Max Abs Error: 35.0732
2024-09-08 21:15:02,343 - INFO - Epoch 10/10, Train Loss: 8.2549, Val Loss: 7.4156, Max Abs Error: 38.9660
2024-09-08 21:15:03,921 - INFO - Saved vit_b_16 on coronal dataset to /srv/GadM/Datasets/Tmp/inferring_body_weight_from_ct_scans/Model/Flo/vit_b_16_coronal.pth
2024-09-08 21:15:04,090 - INFO - Saved loss curves to /srv/GadM/Datasets/Tmp/inferring_body_weight_from_ct_scans/5_Evaluation/Flo/Loss_Curves/vit_b_16_coronal_loss_curve.png
2024-09-08 21:15:09,100 - INFO - Training vit_b_32 on coronal dataset...
2024-09-08 21:42:37,983 - INFO - Epoch 1/10, Train Loss: 46.1720, Val Loss: 18.2478, Max Abs Error: 71.0366
2024-09-08 22:08:29,711 - INFO - Epoch 2/10, Train Loss: 14.4568, Val Loss: 12.9638, Max Abs Error: 61.4795
2024-09-08 22:34:50,645 - INFO - Epoch 3/10, Train Loss: 12.8455, Val Loss: 11.5651, Max Abs Error: 49.9467
2024-09-08 23:01:24,653 - INFO - Epoch 4/10, Train Loss: 16.5507, Val Loss: 11.3676, Max Abs Error: 46.4429
2024-09-08 23:28:32,177 - INFO - Epoch 5/10, Train Loss: 11.3746, Val Loss: 10.6422, Max Abs Error: 44.8882
2024-09-08 23:55:43,518 - INFO - Epoch 6/10, Train Loss: 10.5522, Val Loss: 11.7179, Max Abs Error: 41.8203
2024-09-09 00:21:17,256 - INFO - Epoch 7/10, Train Loss: 10.2616, Val Loss: 11.7752, Max Abs Error: 40.1347
2024-09-09 00:45:35,268 - INFO - Epoch 8/10, Train Loss: 8.8917, Val Loss: 8.5080, Max Abs Error: 47.9691
2024-09-09 01:10:53,448 - INFO - Epoch 9/10, Train Loss: 9.1561, Val Loss: 7.3511, Max Abs Error: 45.2520
2024-09-09 01:35:45,112 - INFO - Epoch 10/10, Train Loss: 8.6093, Val Loss: 7.5051, Max Abs Error: 38.7023
2024-09-09 01:35:46,684 - INFO - Saved vit_b_32 on coronal dataset to /srv/GadM/Datasets/Tmp/inferring_body_weight_from_ct_scans/Model/Flo/vit_b_32_coronal.pth
2024-09-09 01:35:46,848 - INFO - Saved loss curves to /srv/GadM/Datasets/Tmp/inferring_body_weight_from_ct_scans/5_Evaluation/Flo/Loss_Curves/vit_b_32_coronal_loss_curve.png
2024-09-09 01:35:51,532 - INFO - Training resnet18 on sagittal dataset...
2024-09-09 01:59:59,011 - INFO - Epoch 1/10, Train Loss: 52.6462, Val Loss: 19.6364, Max Abs Error: 69.2931
2024-09-09 02:27:39,187 - INFO - Epoch 2/10, Train Loss: 9.7250, Val Loss: 9.4064, Max Abs Error: 60.5331
2024-09-09 02:55:09,436 - INFO - Epoch 3/10, Train Loss: 6.1434, Val Loss: 6.0131, Max Abs Error: 37.9281
2024-09-09 03:22:15,591 - INFO - Epoch 4/10, Train Loss: 5.4810, Val Loss: 8.3823, Max Abs Error: 30.3812
2024-09-09 03:48:35,682 - INFO - Epoch 5/10, Train Loss: 5.3255, Val Loss: 5.1289, Max Abs Error: 22.5924
2024-09-09 04:14:45,248 - INFO - Epoch 6/10, Train Loss: 4.9249, Val Loss: 7.1057, Max Abs Error: 30.9268
2024-09-09 04:40:20,989 - INFO - Epoch 7/10, Train Loss: 4.9432, Val Loss: 5.5481, Max Abs Error: 25.7997
2024-09-09 05:05:17,281 - INFO - Epoch 8/10, Train Loss: 4.8890, Val Loss: 7.1773, Max Abs Error: 29.0308
2024-09-09 05:30:04,647 - INFO - Epoch 9/10, Train Loss: 4.8276, Val Loss: 5.8967, Max Abs Error: 27.2820
2024-09-09 05:55:02,952 - INFO - Epoch 10/10, Train Loss: 4.3687, Val Loss: 7.9907, Max Abs Error: 29.2464
2024-09-09 05:55:02,953 - INFO - Early stopping triggered.
2024-09-09 05:55:03,263 - INFO - Saved resnet18 on sagittal dataset to /srv/GadM/Datasets/Tmp/inferring_body_weight_from_ct_scans/Model/Flo/resnet18_sagittal.pth
2024-09-09 05:55:03,416 - INFO - Saved loss curves to /srv/GadM/Datasets/Tmp/inferring_body_weight_from_ct_scans/5_Evaluation/Flo/Loss_Curves/resnet18_sagittal_loss_curve.png
2024-09-09 05:55:08,178 - INFO - Training resnet50 on sagittal dataset...
2024-09-09 06:19:52,380 - INFO - Epoch 1/10, Train Loss: 20.5912, Val Loss: 13.8140, Max Abs Error: 41.9546
2024-09-09 06:44:32,735 - INFO - Epoch 2/10, Train Loss: 6.7744, Val Loss: 6.4689, Max Abs Error: 39.2124
2024-09-09 07:09:26,002 - INFO - Epoch 3/10, Train Loss: 6.2888, Val Loss: 9.1552, Max Abs Error: 28.2740
2024-09-09 07:34:06,131 - INFO - Epoch 4/10, Train Loss: 6.5774, Val Loss: 13.0970, Max Abs Error: 49.5945
2024-09-09 07:58:48,298 - INFO - Epoch 5/10, Train Loss: 5.6600, Val Loss: 16.1016, Max Abs Error: 48.0602
2024-09-09 08:23:47,271 - INFO - Epoch 6/10, Train Loss: 5.5900, Val Loss: 11.0819, Max Abs Error: 59.6709
2024-09-09 08:48:27,413 - INFO - Epoch 7/10, Train Loss: 5.2447, Val Loss: 6.0025, Max Abs Error: 53.8597
2024-09-09 09:12:40,137 - INFO - Epoch 8/10, Train Loss: 5.5846, Val Loss: 19.1750, Max Abs Error: 58.6037
2024-09-09 09:37:41,682 - INFO - Epoch 9/10, Train Loss: 5.5264, Val Loss: 20.3023, Max Abs Error: 80.0822
2024-09-09 10:02:34,192 - INFO - Epoch 10/10, Train Loss: 4.6426, Val Loss: 12.1377, Max Abs Error: 42.6397
2024-09-09 10:02:34,728 - INFO - Saved resnet50 on sagittal dataset to /srv/GadM/Datasets/Tmp/inferring_body_weight_from_ct_scans/Model/Flo/resnet50_sagittal.pth
2024-09-09 10:02:34,902 - INFO - Saved loss curves to /srv/GadM/Datasets/Tmp/inferring_body_weight_from_ct_scans/5_Evaluation/Flo/Loss_Curves/resnet50_sagittal_loss_curve.png
2024-09-09 10:02:39,732 - INFO - Training vit_b_16 on sagittal dataset...
2024-09-09 10:28:26,648 - INFO - Epoch 1/10, Train Loss: 45.6825, Val Loss: 18.0761, Max Abs Error: 70.7726
2024-09-09 10:54:25,928 - INFO - Epoch 2/10, Train Loss: 13.9685, Val Loss: 11.5197, Max Abs Error: 59.3857
2024-09-09 11:19:05,060 - INFO - Epoch 3/10, Train Loss: 12.1322, Val Loss: 10.1754, Max Abs Error: 48.9387
2024-09-09 11:44:42,277 - INFO - Epoch 4/10, Train Loss: 9.8924, Val Loss: 9.6286, Max Abs Error: 48.4197
2024-09-09 12:09:10,848 - INFO - Epoch 5/10, Train Loss: 9.5680, Val Loss: 8.3309, Max Abs Error: 42.2335
2024-09-09 12:33:50,500 - INFO - Epoch 6/10, Train Loss: 8.6422, Val Loss: 9.1815, Max Abs Error: 33.2045
2024-09-09 12:58:09,886 - INFO - Epoch 7/10, Train Loss: 8.5352, Val Loss: 7.4622, Max Abs Error: 43.8354
2024-09-09 13:23:32,078 - INFO - Epoch 8/10, Train Loss: 8.0348, Val Loss: 7.3338, Max Abs Error: 35.0883
2024-09-09 13:48:41,065 - INFO - Epoch 9/10, Train Loss: 8.0593, Val Loss: 7.3070, Max Abs Error: 39.1183
2024-09-09 14:15:18,521 - INFO - Epoch 10/10, Train Loss: 7.7205, Val Loss: 7.5264, Max Abs Error: 36.2783
2024-09-09 14:15:20,145 - INFO - Saved vit_b_16 on sagittal dataset to /srv/GadM/Datasets/Tmp/inferring_body_weight_from_ct_scans/Model/Flo/vit_b_16_sagittal.pth
2024-09-09 14:15:20,308 - INFO - Saved loss curves to /srv/GadM/Datasets/Tmp/inferring_body_weight_from_ct_scans/5_Evaluation/Flo/Loss_Curves/vit_b_16_sagittal_loss_curve.png
2024-09-09 14:15:25,170 - INFO - Training vit_b_32 on sagittal dataset...
2024-09-09 14:43:04,420 - INFO - Epoch 1/10, Train Loss: 45.8777, Val Loss: 17.8962, Max Abs Error: 70.4935
2024-09-09 15:08:56,034 - INFO - Epoch 2/10, Train Loss: 15.3042, Val Loss: 12.8257, Max Abs Error: 57.6859
2024-09-09 15:35:59,309 - INFO - Epoch 3/10, Train Loss: 13.4650, Val Loss: 12.5549, Max Abs Error: 59.5457
2024-09-09 16:02:52,192 - INFO - Epoch 4/10, Train Loss: 12.8261, Val Loss: 12.2314, Max Abs Error: 49.7939
2024-09-09 16:29:17,487 - INFO - Epoch 5/10, Train Loss: 9.8526, Val Loss: 10.3486, Max Abs Error: 42.1606
2024-09-09 16:55:42,176 - INFO - Epoch 6/10, Train Loss: 9.3207, Val Loss: 7.8627, Max Abs Error: 33.7715
2024-09-09 17:22:46,787 - INFO - Epoch 7/10, Train Loss: 8.5031, Val Loss: 7.5234, Max Abs Error: 32.9642
2024-09-09 17:49:00,896 - INFO - Epoch 8/10, Train Loss: 8.5546, Val Loss: 7.7969, Max Abs Error: 36.4551
2024-09-09 18:14:48,846 - INFO - Epoch 9/10, Train Loss: 8.5313, Val Loss: 8.0531, Max Abs Error: 35.7890
2024-09-09 18:40:47,451 - INFO - Epoch 10/10, Train Loss: 7.9500, Val Loss: 8.8144, Max Abs Error: 35.7525
2024-09-09 18:40:49,049 - INFO - Saved vit_b_32 on sagittal dataset to /srv/GadM/Datasets/Tmp/inferring_body_weight_from_ct_scans/Model/Flo/vit_b_32_sagittal.pth
2024-09-09 18:40:49,211 - INFO - Saved loss curves to /srv/GadM/Datasets/Tmp/inferring_body_weight_from_ct_scans/5_Evaluation/Flo/Loss_Curves/vit_b_32_sagittal_loss_curve.png
2024-09-09 18:40:54,748 - INFO - Training resnet18 on coronal_scaling dataset (Scale multiplied: False)...
2024-09-09 19:08:26,232 - INFO - Epoch 1/10, Train Loss: 28.7864, Val Loss: 12.8034, Max Abs Error: 62.5721
2024-09-09 19:35:07,085 - INFO - Epoch 2/10, Train Loss: 7.0681, Val Loss: 8.5943, Max Abs Error: 37.5370
2024-09-09 20:00:32,957 - INFO - Epoch 3/10, Train Loss: 6.6127, Val Loss: 8.1503, Max Abs Error: 32.5317
2024-09-09 20:26:09,510 - INFO - Epoch 4/10, Train Loss: 6.6774, Val Loss: 5.3263, Max Abs Error: 37.9464
2024-09-09 20:50:48,466 - INFO - Epoch 5/10, Train Loss: 6.3872, Val Loss: 5.6915, Max Abs Error: 26.4660
2024-09-09 21:15:14,479 - INFO - Epoch 6/10, Train Loss: 6.0535, Val Loss: 8.0324, Max Abs Error: 45.9976
2024-09-09 21:41:00,254 - INFO - Epoch 7/10, Train Loss: 5.9687, Val Loss: 5.6202, Max Abs Error: 29.0339
2024-09-09 22:07:25,954 - INFO - Epoch 8/10, Train Loss: 5.5555, Val Loss: 11.3403, Max Abs Error: 36.6708
2024-09-09 22:31:56,961 - INFO - Epoch 9/10, Train Loss: 5.6580, Val Loss: 5.2537, Max Abs Error: 31.9971
2024-09-09 22:56:46,730 - INFO - Epoch 10/10, Train Loss: 5.4602, Val Loss: 7.0020, Max Abs Error: 44.7177
2024-09-09 22:56:47,032 - INFO - Saved resnet18 on coronal_scaling dataset to /srv/GadM/Datasets/Tmp/inferring_body_weight_from_ct_scans/Model/Flo/resnet18_scaling_factor_coronal_scaling.pth
2024-09-09 22:56:47,185 - INFO - Saved loss curves to /srv/GadM/Datasets/Tmp/inferring_body_weight_from_ct_scans/5_Evaluation/Flo/Loss_Curves/resnet18_coronal_scaling_loss_curve.png
2024-09-09 22:56:52,618 - INFO - Training resnet50 on coronal_scaling dataset (Scale multiplied: False)...
2024-09-09 23:23:11,742 - INFO - Epoch 1/10, Train Loss: 23.4002, Val Loss: 6.9300, Max Abs Error: 43.4715
2024-09-09 23:47:37,752 - INFO - Epoch 2/10, Train Loss: 7.2735, Val Loss: 9.0414, Max Abs Error: 47.1730
2024-09-10 00:12:04,705 - INFO - Epoch 3/10, Train Loss: 6.3591, Val Loss: 6.2783, Max Abs Error: 32.7075
2024-09-10 00:36:30,910 - INFO - Epoch 4/10, Train Loss: 5.8235, Val Loss: 7.4316, Max Abs Error: 37.0842
2024-09-10 01:01:40,866 - INFO - Epoch 5/10, Train Loss: 6.3382, Val Loss: 14.3788, Max Abs Error: 39.1775
2024-09-10 01:26:54,780 - INFO - Epoch 6/10, Train Loss: 4.9939, Val Loss: 32.0440, Max Abs Error: 85.6402
2024-09-10 01:50:58,778 - INFO - Epoch 7/10, Train Loss: 5.3437, Val Loss: 17.8674, Max Abs Error: 44.9912
2024-09-10 02:15:37,902 - INFO - Epoch 8/10, Train Loss: 5.8238, Val Loss: 7.9350, Max Abs Error: 32.2683
2024-09-10 02:15:37,903 - INFO - Early stopping triggered.
2024-09-10 02:15:38,450 - INFO - Saved resnet50 on coronal_scaling dataset to /srv/GadM/Datasets/Tmp/inferring_body_weight_from_ct_scans/Model/Flo/resnet50_scaling_factor_coronal_scaling.pth
2024-09-10 02:15:38,617 - INFO - Saved loss curves to /srv/GadM/Datasets/Tmp/inferring_body_weight_from_ct_scans/5_Evaluation/Flo/Loss_Curves/resnet50_coronal_scaling_loss_curve.png
2024-09-10 02:15:44,085 - INFO - Training vit_b_16 on coronal_scaling dataset (Scale multiplied: False)...
2024-09-10 02:42:12,364 - INFO - Epoch 1/10, Train Loss: 36.5151, Val Loss: 15.1146, Max Abs Error: 64.6883
2024-09-10 03:08:05,899 - INFO - Epoch 2/10, Train Loss: 11.6909, Val Loss: 10.2918, Max Abs Error: 42.9384
2024-09-10 03:34:14,379 - INFO - Epoch 3/10, Train Loss: 10.8454, Val Loss: 9.4804, Max Abs Error: 39.3357
2024-09-10 03:59:38,039 - INFO - Epoch 4/10, Train Loss: 9.7808, Val Loss: 9.0164, Max Abs Error: 43.3222
2024-09-10 04:27:41,268 - INFO - Epoch 5/10, Train Loss: 8.8219, Val Loss: 9.5971, Max Abs Error: 36.1909
2024-09-10 04:56:14,879 - INFO - Epoch 6/10, Train Loss: 8.6526, Val Loss: 8.4202, Max Abs Error: 48.0910
2024-09-10 05:22:57,745 - INFO - Epoch 7/10, Train Loss: 8.3984, Val Loss: 8.1657, Max Abs Error: 34.0815
2024-09-10 05:49:08,068 - INFO - Epoch 8/10, Train Loss: 8.1296, Val Loss: 7.8914, Max Abs Error: 34.2561
2024-09-10 06:14:14,709 - INFO - Epoch 9/10, Train Loss: 8.2199, Val Loss: 6.7161, Max Abs Error: 42.0066
2024-09-10 06:39:30,362 - INFO - Epoch 10/10, Train Loss: 7.5837, Val Loss: 6.8591, Max Abs Error: 42.6103
2024-09-10 06:39:31,947 - INFO - Saved vit_b_16 on coronal_scaling dataset to /srv/GadM/Datasets/Tmp/inferring_body_weight_from_ct_scans/Model/Flo/vit_b_16_scaling_factor_coronal_scaling.pth
2024-09-10 06:39:32,109 - INFO - Saved loss curves to /srv/GadM/Datasets/Tmp/inferring_body_weight_from_ct_scans/5_Evaluation/Flo/Loss_Curves/vit_b_16_coronal_scaling_loss_curve.png
2024-09-10 06:39:37,851 - INFO - Training vit_b_32 on coronal_scaling dataset (Scale multiplied: False)...
2024-09-10 07:04:53,916 - INFO - Epoch 1/10, Train Loss: 35.6310, Val Loss: 30.5665, Max Abs Error: 87.7807
2024-09-10 07:30:01,982 - INFO - Epoch 2/10, Train Loss: 15.7381, Val Loss: 13.6718, Max Abs Error: 61.6562
2024-09-10 07:55:06,311 - INFO - Epoch 3/10, Train Loss: 13.6442, Val Loss: 12.6557, Max Abs Error: 58.3961
2024-09-10 08:19:50,498 - INFO - Epoch 4/10, Train Loss: 12.7865, Val Loss: 10.6227, Max Abs Error: 46.4445
2024-09-10 08:43:54,780 - INFO - Epoch 5/10, Train Loss: 11.3955, Val Loss: 10.9804, Max Abs Error: 45.9955
2024-09-10 09:11:25,764 - INFO - Epoch 6/10, Train Loss: 10.0766, Val Loss: 12.9233, Max Abs Error: 51.1621
2024-09-10 09:40:39,571 - INFO - Epoch 7/10, Train Loss: 9.7829, Val Loss: 8.0042, Max Abs Error: 45.4051
2024-09-10 10:07:45,745 - INFO - Epoch 8/10, Train Loss: 9.2694, Val Loss: 8.1459, Max Abs Error: 40.5218
2024-09-10 10:34:45,306 - INFO - Epoch 9/10, Train Loss: 8.5995, Val Loss: 7.6517, Max Abs Error: 35.8228
2024-09-10 11:01:41,100 - INFO - Epoch 10/10, Train Loss: 8.4595, Val Loss: 7.2868, Max Abs Error: 42.1269
2024-09-10 11:01:42,703 - INFO - Saved vit_b_32 on coronal_scaling dataset to /srv/GadM/Datasets/Tmp/inferring_body_weight_from_ct_scans/Model/Flo/vit_b_32_scaling_factor_coronal_scaling.pth
2024-09-10 11:01:42,862 - INFO - Saved loss curves to /srv/GadM/Datasets/Tmp/inferring_body_weight_from_ct_scans/5_Evaluation/Flo/Loss_Curves/vit_b_32_coronal_scaling_loss_curve.png
2024-09-10 11:01:48,718 - INFO - Training resnet18 on sagittal_scaling dataset (Scale multiplied: False)...
2024-09-10 11:29:14,038 - INFO - Epoch 1/10, Train Loss: 26.1631, Val Loss: 9.2924, Max Abs Error: 42.2988
2024-09-10 11:56:26,162 - INFO - Epoch 2/10, Train Loss: 6.9069, Val Loss: 7.3169, Max Abs Error: 36.3183
2024-09-10 12:22:36,587 - INFO - Epoch 3/10, Train Loss: 7.8328, Val Loss: 4.8063, Max Abs Error: 37.8185
2024-09-10 12:52:18,921 - INFO - Epoch 4/10, Train Loss: 5.9926, Val Loss: 6.5650, Max Abs Error: 29.2595
slurmstepd: error: *** JOB 19331 ON c1 CANCELLED AT 2024-09-10T12:53:28 ***
